0 verbose cli C:\Program Files\nodejs\node.exe C:\npm-global\node_modules\npm\bin\npm-cli.js
1 info using npm@10.9.0
2 info using node@v20.11.0
3 silly config load:file:C:\npm-global\node_modules\npm\npmrc
4 silly config load:file:C:\Users\user\pw2if31\Latihan-UTS-WilfridaSisilia\.npmrc
5 silly config load:file:C:\Users\user\.npmrc
6 silly config load:file:C:\npm-global\etc\npmrc
7 verbose title npm run dev
8 verbose argv "run" "dev"
9 verbose logfile logs-max:10 dir:C:\Users\user\pw2if31\Latihan-UTS-WilfridaSisilia\UsersuserAppDataRoamingnpm-cache\_logs\2024-10-24T14_38_07_133Z-
10 verbose logfile C:\Users\user\pw2if31\Latihan-UTS-WilfridaSisilia\UsersuserAppDataRoamingnpm-cache\_logs\2024-10-24T14_38_07_133Z-debug-0.log
11 silly logfile done cleaning log files
12 verbose stack Error: Missing script: "dev"
12 verbose stack
12 verbose stack To see a list of scripts, run:
12 verbose stack   npm run
12 verbose stack     at #run (C:\npm-global\node_modules\npm\lib\commands\run-script.js:111:13)
12 verbose stack     at async RunScript.exec (C:\npm-global\node_modules\npm\lib\commands\run-script.js:40:7)
12 verbose stack     at async Npm.exec (C:\npm-global\node_modules\npm\lib\npm.js:207:9)
12 verbose stack     at async module.exports (C:\npm-global\node_modules\npm\lib\cli\entry.js:74:5)
13 error Missing script: "dev"
13 error
13 error To see a list of scripts, run:
13 error   npm run
14 verbose cwd C:\Users\user\pw2if31\Latihan-UTS-WilfridaSisilia
15 verbose os Windows_NT 10.0.22631
16 verbose node v20.11.0
17 verbose npm  v10.9.0
18 verbose exit 1
19 verbose code 1
20 error A complete log of this run can be found in: C:\Users\user\pw2if31\Latihan-UTS-WilfridaSisilia\UsersuserAppDataRoamingnpm-cache\_logs\2024-10-24T14_38_07_133Z-debug-0.log
