0 verbose cli C:\Program Files\nodejs\node.exe C:\npm-global\node_modules\npm\bin\npm-cli.js
1 info using npm@10.9.0
2 info using node@v20.11.0
3 silly config load:file:C:\npm-global\node_modules\npm\npmrc
4 silly config load:file:C:\Users\user\pw2if31\Latihan-UTS-WilfridaSisilia\.npmrc
5 silly config load:file:C:\Users\user\.npmrc
6 silly config load:file:C:\npm-global\etc\npmrc
7 verbose title npm install axios
8 verbose argv "install" "axios"
9 verbose logfile logs-max:10 dir:C:\Users\user\pw2if31\Latihan-UTS-WilfridaSisilia\UsersuserAppDataRoamingnpm-cache\_logs\2024-10-24T14_35_25_902Z-
10 verbose logfile C:\Users\user\pw2if31\Latihan-UTS-WilfridaSisilia\UsersuserAppDataRoamingnpm-cache\_logs\2024-10-24T14_35_25_902Z-debug-0.log
11 silly logfile done cleaning log files
12 silly packumentCache heap:4345298944 maxSize:1086324736 maxEntrySize:543162368
13 silly idealTree buildDeps
14 silly fetch manifest axios@*
15 silly packumentCache full:https://registry.npmjs.org/axios cache-miss
16 http fetch GET 200 https://registry.npmjs.org/axios 414ms (cache miss)
17 silly packumentCache full:https://registry.npmjs.org/axios set size:undefined disposed:false
18 silly placeDep ROOT axios@1.7.7 OK for:  want: *
19 silly fetch manifest form-data@^4.0.0
20 silly packumentCache full:https://registry.npmjs.org/form-data cache-miss
21 silly fetch manifest proxy-from-env@^1.1.0
22 silly packumentCache full:https://registry.npmjs.org/proxy-from-env cache-miss
23 silly fetch manifest follow-redirects@^1.15.6
24 silly packumentCache full:https://registry.npmjs.org/follow-redirects cache-miss
25 http fetch GET 200 https://registry.npmjs.org/form-data 140ms (cache miss)
26 silly packumentCache full:https://registry.npmjs.org/form-data set size:undefined disposed:false
27 http fetch GET 200 https://registry.npmjs.org/npm 716ms
28 http fetch GET 200 https://registry.npmjs.org/follow-redirects 340ms (cache miss)
29 silly packumentCache full:https://registry.npmjs.org/follow-redirects set size:undefined disposed:false
30 http fetch GET 200 https://registry.npmjs.org/proxy-from-env 354ms (cache miss)
31 silly packumentCache full:https://registry.npmjs.org/proxy-from-env set size:undefined disposed:false
32 silly placeDep ROOT follow-redirects@1.15.9 OK for: axios@1.7.7 want: ^1.15.6
33 silly placeDep ROOT form-data@4.0.1 OK for: axios@1.7.7 want: ^4.0.0
34 silly placeDep ROOT proxy-from-env@1.1.0 OK for: axios@1.7.7 want: ^1.1.0
35 silly fetch manifest asynckit@^0.4.0
36 silly packumentCache full:https://registry.npmjs.org/asynckit cache-miss
37 silly fetch manifest combined-stream@^1.0.8
38 silly packumentCache full:https://registry.npmjs.org/combined-stream cache-miss
39 silly fetch manifest mime-types@^2.1.12
40 silly packumentCache full:https://registry.npmjs.org/mime-types cache-miss
41 http fetch GET 200 https://registry.npmjs.org/asynckit 76ms (cache miss)
42 silly packumentCache full:https://registry.npmjs.org/asynckit set size:undefined disposed:false
43 http fetch GET 200 https://registry.npmjs.org/combined-stream 95ms (cache miss)
44 silly packumentCache full:https://registry.npmjs.org/combined-stream set size:undefined disposed:false
45 http fetch GET 200 https://registry.npmjs.org/mime-types 107ms (cache miss)
46 silly packumentCache full:https://registry.npmjs.org/mime-types set size:undefined disposed:false
47 silly placeDep ROOT asynckit@0.4.0 OK for: form-data@4.0.1 want: ^0.4.0
48 silly placeDep ROOT combined-stream@1.0.8 OK for: form-data@4.0.1 want: ^1.0.8
49 silly placeDep ROOT mime-types@2.1.35 OK for: form-data@4.0.1 want: ^2.1.12
50 silly fetch manifest delayed-stream@~1.0.0
51 silly packumentCache full:https://registry.npmjs.org/delayed-stream cache-miss
52 silly fetch manifest mime-db@1.52.0
53 silly packumentCache full:https://registry.npmjs.org/mime-db cache-miss
54 http fetch GET 200 https://registry.npmjs.org/delayed-stream 101ms (cache miss)
55 silly packumentCache full:https://registry.npmjs.org/delayed-stream set size:undefined disposed:false
56 http fetch GET 200 https://registry.npmjs.org/mime-db 104ms (cache miss)
57 silly packumentCache full:https://registry.npmjs.org/mime-db set size:undefined disposed:false
58 silly placeDep ROOT delayed-stream@1.0.0 OK for: combined-stream@1.0.8 want: ~1.0.0
59 silly placeDep ROOT mime-db@1.52.0 OK for: mime-types@2.1.35 want: 1.52.0
60 silly reify moves {}
61 silly tarball no local data for mime-db@https://registry.npmjs.org/mime-db/-/mime-db-1.52.0.tgz. Extracting by manifest.
62 silly tarball no local data for delayed-stream@https://registry.npmjs.org/delayed-stream/-/delayed-stream-1.0.0.tgz. Extracting by manifest.
63 silly tarball no local data for asynckit@https://registry.npmjs.org/asynckit/-/asynckit-0.4.0.tgz. Extracting by manifest.
64 silly tarball no local data for combined-stream@https://registry.npmjs.org/combined-stream/-/combined-stream-1.0.8.tgz. Extracting by manifest.
65 silly tarball no local data for proxy-from-env@https://registry.npmjs.org/proxy-from-env/-/proxy-from-env-1.1.0.tgz. Extracting by manifest.
66 silly tarball no local data for axios@https://registry.npmjs.org/axios/-/axios-1.7.7.tgz. Extracting by manifest.
67 silly tarball no local data for form-data@https://registry.npmjs.org/form-data/-/form-data-4.0.1.tgz. Extracting by manifest.
68 silly tarball no local data for mime-types@https://registry.npmjs.org/mime-types/-/mime-types-2.1.35.tgz. Extracting by manifest.
69 silly tarball no local data for follow-redirects@https://registry.npmjs.org/follow-redirects/-/follow-redirects-1.15.9.tgz. Extracting by manifest.
70 http fetch GET 200 https://registry.npmjs.org/combined-stream/-/combined-stream-1.0.8.tgz 175ms (cache miss)
71 http fetch GET 200 https://registry.npmjs.org/delayed-stream/-/delayed-stream-1.0.0.tgz 178ms (cache miss)
72 http fetch GET 200 https://registry.npmjs.org/mime-db/-/mime-db-1.52.0.tgz 191ms (cache miss)
73 http fetch GET 200 https://registry.npmjs.org/asynckit/-/asynckit-0.4.0.tgz 220ms (cache miss)
74 http fetch GET 200 https://registry.npmjs.org/proxy-from-env/-/proxy-from-env-1.1.0.tgz 372ms (cache miss)
75 http fetch GET 200 https://registry.npmjs.org/form-data/-/form-data-4.0.1.tgz 375ms (cache miss)
76 http fetch GET 200 https://registry.npmjs.org/follow-redirects/-/follow-redirects-1.15.9.tgz 377ms (cache miss)
77 http fetch GET 200 https://registry.npmjs.org/mime-types/-/mime-types-2.1.35.tgz 383ms (cache miss)
78 http fetch GET 200 https://registry.npmjs.org/axios/-/axios-1.7.7.tgz 709ms (cache miss)
79 silly ADD node_modules/mime-db
80 silly ADD node_modules/delayed-stream
81 silly ADD node_modules/mime-types
82 silly ADD node_modules/combined-stream
83 silly ADD node_modules/asynckit
84 silly ADD node_modules/proxy-from-env
85 silly ADD node_modules/form-data
86 silly ADD node_modules/follow-redirects
87 silly ADD node_modules/axios
88 verbose cwd C:\Users\user\pw2if31\Latihan-UTS-WilfridaSisilia
89 verbose os Windows_NT 10.0.22631
90 verbose node v20.11.0
91 verbose npm  v10.9.0
92 verbose exit 0
93 info ok
