0 verbose cli C:\Program Files\nodejs\node.exe C:\npm-global\node_modules\npm\bin\npm-cli.js
1 info using npm@10.9.0
2 info using node@v20.11.0
3 silly config load:file:C:\npm-global\node_modules\npm\npmrc
4 silly config load:file:C:\Users\user\pw2if31\Latihan-UTS-WilfridaSisilia\perpustakaan\data_perpustakaan\.npmrc
5 silly config load:file:C:\Users\user\.npmrc
6 silly config load:file:C:\npm-global\etc\npmrc
7 verbose title npm install @testing-library/jest-dom@^5.14.1 @testing-library/react@^13.0.0 @testing-library/user-event@^13.2.1 web-vitals@^2.1.0
8 verbose argv "install" "--no-audit" "--save" "@testing-library/jest-dom@^5.14.1" "@testing-library/react@^13.0.0" "@testing-library/user-event@^13.2.1" "web-vitals@^2.1.0"
9 verbose logfile logs-max:10 dir:C:\Users\user\pw2if31\Latihan-UTS-WilfridaSisilia\perpustakaan\UsersuserAppDataRoamingnpm-cache\_logs\2024-10-24T13_08_37_249Z-
10 verbose logfile C:\Users\user\pw2if31\Latihan-UTS-WilfridaSisilia\perpustakaan\UsersuserAppDataRoamingnpm-cache\_logs\2024-10-24T13_08_37_249Z-debug-0.log
11 silly logfile done cleaning log files
12 silly packumentCache heap:4345298944 maxSize:1086324736 maxEntrySize:543162368
13 silly idealTree buildDeps
14 silly fetch manifest @testing-library/jest-dom@^5.14.1
15 silly packumentCache full:https://registry.npmjs.org/@testing-library%2fjest-dom cache-miss
16 http fetch GET 200 https://registry.npmjs.org/@testing-library%2fjest-dom 673ms (cache miss)
17 silly packumentCache full:https://registry.npmjs.org/@testing-library%2fjest-dom set size:undefined disposed:false
18 silly fetch manifest @testing-library/react@^13.0.0
19 silly packumentCache full:https://registry.npmjs.org/@testing-library%2freact cache-miss
20 http fetch GET 200 https://registry.npmjs.org/@testing-library%2freact 225ms (cache miss)
21 silly packumentCache full:https://registry.npmjs.org/@testing-library%2freact set size:undefined disposed:false
22 silly fetch manifest react@^18.3.1
23 silly packumentCache full:https://registry.npmjs.org/react cache-miss
24 http fetch GET 200 https://registry.npmjs.org/react 21ms (cache hit)
25 silly packumentCache full:https://registry.npmjs.org/react set size:5091805 disposed:false
26 silly fetch manifest react-dom@^18.3.1
27 silly packumentCache full:https://registry.npmjs.org/react-dom cache-miss
28 http fetch GET 200 https://registry.npmjs.org/react-dom 21ms (cache hit)
29 silly packumentCache full:https://registry.npmjs.org/react-dom set size:6205003 disposed:false
30 silly fetch manifest @testing-library/user-event@^13.2.1
31 silly packumentCache full:https://registry.npmjs.org/@testing-library%2fuser-event cache-miss
32 http fetch GET 200 https://registry.npmjs.org/@testing-library%2fuser-event 1277ms (cache miss)
33 silly packumentCache full:https://registry.npmjs.org/@testing-library%2fuser-event set size:undefined disposed:false
34 silly fetch manifest @testing-library/dom@>=7.21.4
35 silly packumentCache full:https://registry.npmjs.org/@testing-library%2fdom cache-miss
36 http fetch GET 200 https://registry.npmjs.org/@testing-library%2fdom 789ms (cache miss)
37 silly packumentCache full:https://registry.npmjs.org/@testing-library%2fdom set size:undefined disposed:false
38 silly fetch manifest web-vitals@^2.1.0
39 silly packumentCache full:https://registry.npmjs.org/web-vitals cache-miss
40 http fetch GET 200 https://registry.npmjs.org/web-vitals 134ms (cache miss)
41 silly packumentCache full:https://registry.npmjs.org/web-vitals set size:undefined disposed:false
42 silly placeDep ROOT @testing-library/jest-dom@5.17.0 OK for: data_perpustakaan@0.1.0 want: ^5.14.1
43 silly placeDep ROOT @testing-library/react@13.4.0 OK for: data_perpustakaan@0.1.0 want: ^13.0.0
44 silly placeDep ROOT @testing-library/user-event@13.5.0 OK for: data_perpustakaan@0.1.0 want: ^13.2.1
45 silly placeDep ROOT @testing-library/dom@10.4.0 OK for: @testing-library/user-event@13.5.0 want: >=7.21.4
46 silly placeDep ROOT web-vitals@2.1.4 OK for: data_perpustakaan@0.1.0 want: ^2.1.0
47 silly fetch manifest chalk@^3.0.0
48 silly packumentCache full:https://registry.npmjs.org/chalk cache-miss
49 silly fetch manifest redent@^3.0.0
50 silly packumentCache full:https://registry.npmjs.org/redent cache-miss
51 silly fetch manifest css.escape@^1.5.1
52 silly packumentCache full:https://registry.npmjs.org/css.escape cache-miss
53 silly fetch manifest @adobe/css-tools@^4.0.1
54 silly packumentCache full:https://registry.npmjs.org/@adobe%2fcss-tools cache-miss
55 silly fetch manifest dom-accessibility-api@^0.5.6
56 silly packumentCache full:https://registry.npmjs.org/dom-accessibility-api cache-miss
57 silly fetch manifest @types/testing-library__jest-dom@^5.9.1
58 silly packumentCache full:https://registry.npmjs.org/@types%2ftesting-library__jest-dom cache-miss
59 silly fetch manifest @types/react-dom@^18.0.0
60 silly packumentCache full:https://registry.npmjs.org/@types%2freact-dom cache-miss
61 silly fetch manifest @testing-library/dom@^8.5.0
62 silly packumentCache full:https://registry.npmjs.org/@testing-library%2fdom cache-miss
63 silly fetch manifest chalk@^4.1.0
64 silly packumentCache full:https://registry.npmjs.org/chalk cache-miss
65 silly fetch manifest lz-string@^1.5.0
66 silly packumentCache full:https://registry.npmjs.org/lz-string cache-miss
67 silly fetch manifest aria-query@5.3.0
68 silly packumentCache full:https://registry.npmjs.org/aria-query cache-miss
69 http fetch GET 200 https://registry.npmjs.org/@testing-library%2fdom 28ms (cache hit)
70 silly packumentCache full:https://registry.npmjs.org/@testing-library%2fdom set size:1092920 disposed:false
71 silly fetch manifest @types/aria-query@^5.0.1
72 silly packumentCache full:https://registry.npmjs.org/@types%2faria-query cache-miss
73 http fetch GET 200 https://registry.npmjs.org/chalk 42ms (cache hit)
74 silly packumentCache full:https://registry.npmjs.org/chalk set size:141410 disposed:false
75 silly fetch manifest dom-accessibility-api@^0.5.9
76 silly packumentCache full:https://registry.npmjs.org/dom-accessibility-api cache-miss
77 http fetch GET 200 https://registry.npmjs.org/aria-query 44ms (cache hit)
78 silly packumentCache full:https://registry.npmjs.org/aria-query set size:98864 disposed:false
79 http fetch GET 200 https://registry.npmjs.org/chalk 47ms (cache hit)
80 silly packumentCache full:https://registry.npmjs.org/chalk set size:141410 disposed:false
81 silly packumentCache full:https://registry.npmjs.org/chalk dispose
82 http fetch GET 200 https://registry.npmjs.org/redent 109ms (cache miss)
83 silly packumentCache full:https://registry.npmjs.org/redent set size:undefined disposed:false
84 http fetch GET 200 https://registry.npmjs.org/@types%2faria-query 271ms (cache miss)
85 silly packumentCache full:https://registry.npmjs.org/@types%2faria-query set size:undefined disposed:false
86 http fetch GET 200 https://registry.npmjs.org/css.escape 311ms (cache miss)
87 silly packumentCache full:https://registry.npmjs.org/css.escape set size:undefined disposed:false
88 http fetch GET 200 https://registry.npmjs.org/lz-string 311ms (cache miss)
89 silly packumentCache full:https://registry.npmjs.org/lz-string set size:undefined disposed:false
90 http fetch GET 200 https://registry.npmjs.org/dom-accessibility-api 281ms (cache miss)
91 silly packumentCache full:https://registry.npmjs.org/dom-accessibility-api set size:undefined disposed:false
92 http fetch GET 200 https://registry.npmjs.org/@adobe%2fcss-tools 339ms (cache miss)
93 silly packumentCache full:https://registry.npmjs.org/@adobe%2fcss-tools set size:undefined disposed:false
94 http fetch GET 200 https://registry.npmjs.org/@types%2ftesting-library__jest-dom 402ms (cache miss)
95 silly packumentCache full:https://registry.npmjs.org/@types%2ftesting-library__jest-dom set size:undefined disposed:false
96 http fetch GET 200 https://registry.npmjs.org/dom-accessibility-api 413ms (cache miss)
97 silly packumentCache full:https://registry.npmjs.org/dom-accessibility-api set size:undefined disposed:false
98 http fetch GET 200 https://registry.npmjs.org/@types%2freact-dom 416ms (cache miss)
99 silly packumentCache full:https://registry.npmjs.org/@types%2freact-dom set size:undefined disposed:false
100 silly placeDep ROOT @types/aria-query@5.0.4 OK for: @testing-library/dom@10.4.0 want: ^5.0.1
101 silly placeDep node_modules/@testing-library/dom aria-query@5.3.0 OK for: @testing-library/dom@10.4.0 want: 5.3.0
102 silly placeDep node_modules/@testing-library/dom chalk@4.1.2 OK for: @testing-library/dom@10.4.0 want: ^4.1.0
103 silly placeDep ROOT dom-accessibility-api@0.5.16 OK for: @testing-library/dom@10.4.0 want: ^0.5.9
104 silly placeDep ROOT lz-string@1.5.0 OK for: @testing-library/dom@10.4.0 want: ^1.5.0
105 silly fetch manifest dequal@^2.0.3
106 silly packumentCache full:https://registry.npmjs.org/dequal cache-miss
107 silly fetch manifest ansi-styles@^4.1.0
108 silly packumentCache full:https://registry.npmjs.org/ansi-styles cache-miss
109 silly fetch manifest supports-color@^7.1.0
110 silly packumentCache full:https://registry.npmjs.org/supports-color cache-miss
111 http fetch GET 200 https://registry.npmjs.org/supports-color 11ms (cache hit)
112 silly packumentCache full:https://registry.npmjs.org/supports-color set size:113904 disposed:false
113 http fetch GET 200 https://registry.npmjs.org/ansi-styles 13ms (cache hit)
114 silly packumentCache full:https://registry.npmjs.org/ansi-styles set size:66356 disposed:false
115 http fetch GET 200 https://registry.npmjs.org/dequal 103ms (cache miss)
116 silly packumentCache full:https://registry.npmjs.org/dequal set size:undefined disposed:false
117 silly placeDep ROOT @adobe/css-tools@4.4.0 OK for: @testing-library/jest-dom@5.17.0 want: ^4.0.1
118 silly placeDep ROOT @types/testing-library__jest-dom@5.14.9 OK for: @testing-library/jest-dom@5.17.0 want: ^5.9.1
119 silly placeDep node_modules/@testing-library/jest-dom chalk@3.0.0 OK for: @testing-library/jest-dom@5.17.0 want: ^3.0.0
120 silly placeDep ROOT css.escape@1.5.1 OK for: @testing-library/jest-dom@5.17.0 want: ^1.5.1
121 silly placeDep ROOT redent@3.0.0 OK for: @testing-library/jest-dom@5.17.0 want: ^3.0.0
122 silly fetch manifest @types/jest@*
123 silly packumentCache full:https://registry.npmjs.org/@types%2fjest cache-miss
124 silly fetch manifest indent-string@^4.0.0
125 silly packumentCache full:https://registry.npmjs.org/indent-string cache-miss
126 silly fetch manifest strip-indent@^3.0.0
127 silly packumentCache full:https://registry.npmjs.org/strip-indent cache-miss
128 http fetch GET 200 https://registry.npmjs.org/strip-indent 117ms (cache miss)
129 silly packumentCache full:https://registry.npmjs.org/strip-indent set size:undefined disposed:false
130 http fetch GET 200 https://registry.npmjs.org/indent-string 164ms (cache miss)
131 silly packumentCache full:https://registry.npmjs.org/indent-string set size:undefined disposed:false
132 http fetch GET 200 https://registry.npmjs.org/@types%2fjest 228ms (cache miss)
133 silly packumentCache full:https://registry.npmjs.org/@types%2fjest set size:undefined disposed:false
134 silly placeDep node_modules/@testing-library/react @testing-library/dom@8.20.1 OK for: @testing-library/react@13.4.0 want: ^8.5.0
135 silly placeDep ROOT @types/react-dom@18.3.1 OK for: @testing-library/react@13.4.0 want: ^18.0.0
136 silly fetch manifest aria-query@5.1.3
137 silly packumentCache full:https://registry.npmjs.org/aria-query cache-hit
138 silly fetch manifest @types/react@*
139 silly packumentCache full:https://registry.npmjs.org/@types%2freact cache-miss
140 http fetch GET 200 https://registry.npmjs.org/@types%2freact 350ms (cache miss)
141 silly packumentCache full:https://registry.npmjs.org/@types%2freact set size:undefined disposed:false
142 silly placeDep ROOT @types/react@18.3.12 OK for: @types/react-dom@18.3.1 want: *
143 silly fetch manifest csstype@^3.0.2
144 silly packumentCache full:https://registry.npmjs.org/csstype cache-miss
145 silly fetch manifest @types/prop-types@*
146 silly packumentCache full:https://registry.npmjs.org/@types%2fprop-types cache-miss
147 http fetch GET 200 https://registry.npmjs.org/@types%2fprop-types 146ms (cache miss)
148 silly packumentCache full:https://registry.npmjs.org/@types%2fprop-types set size:undefined disposed:false
149 http fetch GET 200 https://registry.npmjs.org/csstype 148ms (cache miss)
150 silly packumentCache full:https://registry.npmjs.org/csstype set size:undefined disposed:false
151 silly placeDep ROOT @types/prop-types@15.7.13 OK for: @types/react@18.3.12 want: *
152 silly placeDep ROOT csstype@3.1.3 OK for: @types/react@18.3.12 want: ^3.0.2
153 silly placeDep ROOT @types/jest@29.5.14 OK for: @types/testing-library__jest-dom@5.14.9 want: *
154 silly fetch manifest expect@^29.0.0
155 silly packumentCache full:https://registry.npmjs.org/expect cache-miss
156 silly fetch manifest pretty-format@^29.0.0
157 silly packumentCache full:https://registry.npmjs.org/pretty-format cache-miss
158 http fetch GET 200 https://registry.npmjs.org/expect 12ms (cache hit)
159 silly packumentCache full:https://registry.npmjs.org/expect set size:602552 disposed:false
160 http fetch GET 200 https://registry.npmjs.org/pretty-format 20ms (cache hit)
161 silly packumentCache full:https://registry.npmjs.org/pretty-format set size:568283 disposed:false
162 silly placeDep node_modules/@types/jest expect@29.7.0 OK for: @types/jest@29.5.14 want: ^29.0.0
163 silly placeDep node_modules/@types/jest pretty-format@29.7.0 OK for: @types/jest@29.5.14 want: ^29.0.0
164 silly fetch manifest jest-util@^29.7.0
165 silly packumentCache full:https://registry.npmjs.org/jest-util cache-miss
166 silly fetch manifest jest-get-type@^29.6.3
167 silly packumentCache full:https://registry.npmjs.org/jest-get-type cache-miss
168 silly fetch manifest jest-message-util@^29.7.0
169 silly packumentCache full:https://registry.npmjs.org/jest-message-util cache-miss
170 silly fetch manifest @jest/expect-utils@^29.7.0
171 silly packumentCache full:https://registry.npmjs.org/@jest%2fexpect-utils cache-miss
172 silly fetch manifest jest-matcher-utils@^29.7.0
173 silly packumentCache full:https://registry.npmjs.org/jest-matcher-utils cache-miss
174 silly fetch manifest react-is@^18.0.0
175 silly packumentCache full:https://registry.npmjs.org/react-is cache-miss
176 silly fetch manifest ansi-styles@^5.0.0
177 silly packumentCache full:https://registry.npmjs.org/ansi-styles cache-hit
178 silly fetch manifest @jest/schemas@^29.6.3
179 silly packumentCache full:https://registry.npmjs.org/@jest%2fschemas cache-miss
180 http fetch GET 200 https://registry.npmjs.org/jest-get-type 21ms (cache hit)
181 silly packumentCache full:https://registry.npmjs.org/jest-get-type set size:199322 disposed:false
182 http fetch GET 200 https://registry.npmjs.org/jest-util 26ms (cache hit)
183 silly packumentCache full:https://registry.npmjs.org/jest-util set size:560743 disposed:false
184 http fetch GET 200 https://registry.npmjs.org/jest-matcher-utils 32ms (cache hit)
185 silly packumentCache full:https://registry.npmjs.org/jest-matcher-utils set size:536420 disposed:false
186 http fetch GET 200 https://registry.npmjs.org/@jest%2fschemas 34ms (cache hit)
187 silly packumentCache full:https://registry.npmjs.org/@jest%2fschemas set size:56414 disposed:false
188 http fetch GET 200 https://registry.npmjs.org/react-is 43ms (cache hit)
189 silly packumentCache full:https://registry.npmjs.org/react-is set size:4159555 disposed:false
190 http fetch GET 200 https://registry.npmjs.org/jest-message-util 68ms (cache hit)
191 silly packumentCache full:https://registry.npmjs.org/jest-message-util set size:484970 disposed:false
192 http fetch GET 200 https://registry.npmjs.org/@jest%2fexpect-utils 149ms (cache miss)
193 silly packumentCache full:https://registry.npmjs.org/@jest%2fexpect-utils set size:undefined disposed:false
194 silly fetch manifest typescript@^3.2.1 || ^4
195 silly packumentCache full:https://registry.npmjs.org/typescript cache-miss
196 http fetch GET 200 https://registry.npmjs.org/typescript 32ms (cache hit)
197 silly packumentCache full:https://registry.npmjs.org/typescript set size:13374465 disposed:false
198 silly placeDep ROOT typescript@4.9.5 REPLACE for: react-scripts@5.0.1 want: ^3.2.1 || ^4
199 silly placeDep ROOT indent-string@4.0.0 OK for: redent@3.0.0 want: ^4.0.0
200 silly placeDep ROOT strip-indent@3.0.0 OK for: redent@3.0.0 want: ^3.0.0
201 silly fetch manifest min-indent@^1.0.0
202 silly packumentCache full:https://registry.npmjs.org/min-indent cache-miss
203 http fetch GET 200 https://registry.npmjs.org/min-indent 105ms (cache miss)
204 silly packumentCache full:https://registry.npmjs.org/min-indent set size:undefined disposed:false
205 silly placeDep ROOT min-indent@1.0.1 OK for: strip-indent@3.0.0 want: ^1.0.0
206 silly placeDep ROOT dequal@2.0.3 OK for: aria-query@5.3.0 want: ^2.0.3
207 silly placeDep node_modules/@testing-library/dom ansi-styles@4.3.0 OK for: chalk@4.1.2 want: ^4.1.0
208 silly placeDep node_modules/@testing-library/dom supports-color@7.2.0 OK for: chalk@4.1.2 want: ^7.1.0
209 silly fetch manifest color-convert@^2.0.1
210 silly packumentCache full:https://registry.npmjs.org/color-convert cache-miss
211 silly fetch manifest has-flag@^4.0.0
212 silly packumentCache full:https://registry.npmjs.org/has-flag cache-miss
213 http fetch GET 200 https://registry.npmjs.org/has-flag 9ms (cache hit)
214 silly packumentCache full:https://registry.npmjs.org/has-flag set size:15180 disposed:false
215 http fetch GET 200 https://registry.npmjs.org/color-convert 11ms (cache hit)
216 silly packumentCache full:https://registry.npmjs.org/color-convert set size:61781 disposed:false
217 silly placeDep node_modules/@testing-library/dom color-convert@2.0.1 OK for: ansi-styles@4.3.0 want: ^2.0.1
218 silly fetch manifest color-name@~1.1.4
219 silly packumentCache full:https://registry.npmjs.org/color-name cache-miss
220 http fetch GET 200 https://registry.npmjs.org/color-name 6ms (cache hit)
221 silly packumentCache full:https://registry.npmjs.org/color-name set size:16325 disposed:false
222 silly placeDep node_modules/@testing-library/dom color-name@1.1.4 OK for: color-convert@2.0.1 want: ~1.1.4
223 silly placeDep node_modules/@testing-library/dom has-flag@4.0.0 OK for: supports-color@7.2.0 want: ^4.0.0
224 silly placeDep node_modules/@testing-library/jest-dom ansi-styles@4.3.0 OK for: chalk@3.0.0 want: ^4.1.0
225 silly placeDep node_modules/@testing-library/jest-dom supports-color@7.2.0 OK for: chalk@3.0.0 want: ^7.1.0
226 silly placeDep node_modules/@testing-library/jest-dom color-convert@2.0.1 OK for: ansi-styles@4.3.0 want: ^2.0.1
227 silly placeDep node_modules/@testing-library/jest-dom color-name@1.1.4 OK for: color-convert@2.0.1 want: ~1.1.4
228 silly placeDep node_modules/@testing-library/jest-dom has-flag@4.0.0 OK for: supports-color@7.2.0 want: ^4.0.0
229 silly placeDep node_modules/@testing-library/react aria-query@5.1.3 OK for: @testing-library/dom@8.20.1 want: 5.1.3
230 silly placeDep node_modules/@testing-library/react chalk@4.1.2 OK for: @testing-library/dom@8.20.1 want: ^4.1.0
231 silly fetch manifest deep-equal@^2.0.5
232 silly packumentCache full:https://registry.npmjs.org/deep-equal cache-miss
233 http fetch GET 200 https://registry.npmjs.org/deep-equal 147ms (cache miss)
234 silly packumentCache full:https://registry.npmjs.org/deep-equal set size:undefined disposed:false
235 silly placeDep ROOT deep-equal@2.2.3 OK for: aria-query@5.1.3 want: ^2.0.5
236 silly fetch manifest es-get-iterator@^1.1.3
237 silly packumentCache full:https://registry.npmjs.org/es-get-iterator cache-miss
238 silly fetch manifest is-arguments@^1.1.1
239 silly packumentCache full:https://registry.npmjs.org/is-arguments cache-miss
240 silly fetch manifest object-is@^1.1.5
241 silly packumentCache full:https://registry.npmjs.org/object-is cache-miss
242 http fetch GET 200 https://registry.npmjs.org/object-is 89ms (cache miss)
243 silly packumentCache full:https://registry.npmjs.org/object-is set size:undefined disposed:false
244 http fetch GET 200 https://registry.npmjs.org/is-arguments 110ms (cache miss)
245 silly packumentCache full:https://registry.npmjs.org/is-arguments set size:undefined disposed:false
246 http fetch GET 200 https://registry.npmjs.org/es-get-iterator 120ms (cache miss)
247 silly packumentCache full:https://registry.npmjs.org/es-get-iterator set size:undefined disposed:false
248 silly placeDep ROOT es-get-iterator@1.1.3 OK for: deep-equal@2.2.3 want: ^1.1.3
249 silly placeDep ROOT is-arguments@1.1.1 OK for: deep-equal@2.2.3 want: ^1.1.1
250 silly placeDep ROOT object-is@1.1.6 OK for: deep-equal@2.2.3 want: ^1.1.5
251 silly fetch manifest stop-iteration-iterator@^1.0.0
252 silly packumentCache full:https://registry.npmjs.org/stop-iteration-iterator cache-miss
253 http fetch GET 200 https://registry.npmjs.org/stop-iteration-iterator 110ms (cache miss)
254 silly packumentCache full:https://registry.npmjs.org/stop-iteration-iterator set size:undefined disposed:false
255 silly placeDep ROOT stop-iteration-iterator@1.0.0 OK for: es-get-iterator@1.1.3 want: ^1.0.0
256 silly placeDep node_modules/@testing-library/react ansi-styles@4.3.0 OK for: chalk@4.1.2 want: ^4.1.0
257 silly placeDep node_modules/@testing-library/react supports-color@7.2.0 OK for: chalk@4.1.2 want: ^7.1.0
258 silly placeDep node_modules/@testing-library/react color-convert@2.0.1 OK for: ansi-styles@4.3.0 want: ^2.0.1
259 silly placeDep node_modules/@testing-library/react color-name@1.1.4 OK for: color-convert@2.0.1 want: ~1.1.4
260 silly placeDep node_modules/@testing-library/react has-flag@4.0.0 OK for: supports-color@7.2.0 want: ^4.0.0
261 silly placeDep ROOT @jest/expect-utils@29.7.0 OK for: expect@29.7.0 want: ^29.7.0
262 silly placeDep node_modules/@types/jest jest-get-type@29.6.3 OK for: expect@29.7.0 want: ^29.6.3
263 silly placeDep node_modules/@types/jest jest-matcher-utils@29.7.0 OK for: expect@29.7.0 want: ^29.7.0
264 silly placeDep node_modules/@types/jest jest-message-util@29.7.0 OK for: expect@29.7.0 want: ^29.7.0
265 silly placeDep node_modules/@types/jest jest-util@29.7.0 OK for: expect@29.7.0 want: ^29.7.0
266 silly fetch manifest chalk@^4.0.0
267 silly packumentCache full:https://registry.npmjs.org/chalk cache-hit
268 silly fetch manifest jest-diff@^29.7.0
269 silly packumentCache full:https://registry.npmjs.org/jest-diff cache-miss
270 silly fetch manifest chalk@^4.0.0
271 silly packumentCache full:https://registry.npmjs.org/chalk cache-hit
272 silly fetch manifest @jest/types@^29.6.3
273 silly packumentCache full:https://registry.npmjs.org/@jest%2ftypes cache-miss
274 silly fetch manifest chalk@^4.0.0
275 silly packumentCache full:https://registry.npmjs.org/chalk cache-hit
276 silly fetch manifest @jest/types@^29.6.3
277 silly packumentCache full:https://registry.npmjs.org/@jest%2ftypes cache-miss
278 http fetch GET 200 https://registry.npmjs.org/jest-diff 32ms (cache hit)
279 silly packumentCache full:https://registry.npmjs.org/jest-diff set size:515410 disposed:false
280 http fetch GET 200 https://registry.npmjs.org/@jest%2ftypes 35ms (cache hit)
281 silly packumentCache full:https://registry.npmjs.org/@jest%2ftypes set size:270301 disposed:false
282 http fetch GET 200 https://registry.npmjs.org/@jest%2ftypes 43ms (cache hit)
283 silly packumentCache full:https://registry.npmjs.org/@jest%2ftypes set size:270301 disposed:false
284 silly packumentCache full:https://registry.npmjs.org/@jest%2ftypes dispose
285 silly placeDep node_modules/@jest/expect-utils jest-get-type@29.6.3 OK for: @jest/expect-utils@29.7.0 want: ^29.6.3
286 silly placeDep node_modules/@types/jest chalk@4.1.2 OK for: jest-matcher-utils@29.7.0 want: ^4.0.0
287 silly placeDep node_modules/@types/jest jest-diff@29.7.0 OK for: jest-matcher-utils@29.7.0 want: ^29.7.0
288 silly fetch manifest diff-sequences@^29.6.3
289 silly packumentCache full:https://registry.npmjs.org/diff-sequences cache-miss
290 http fetch GET 200 https://registry.npmjs.org/diff-sequences 25ms (cache hit)
291 silly packumentCache full:https://registry.npmjs.org/diff-sequences set size:178619 disposed:false
292 silly placeDep node_modules/@types/jest ansi-styles@4.3.0 OK for: chalk@4.1.2 want: ^4.1.0
293 silly placeDep node_modules/@types/jest supports-color@7.2.0 OK for: chalk@4.1.2 want: ^7.1.0
294 silly placeDep node_modules/@types/jest color-convert@2.0.1 OK for: ansi-styles@4.3.0 want: ^2.0.1
295 silly placeDep node_modules/@types/jest color-name@1.1.4 OK for: color-convert@2.0.1 want: ~1.1.4
296 silly placeDep node_modules/@types/jest diff-sequences@29.6.3 OK for: jest-diff@29.7.0 want: ^29.6.3
297 silly placeDep node_modules/@types/jest @jest/types@29.6.3 OK for: jest-message-util@29.7.0 want: ^29.6.3
298 silly fetch manifest @types/yargs@^17.0.8
299 silly packumentCache full:https://registry.npmjs.org/@types%2fyargs cache-miss
300 http fetch GET 200 https://registry.npmjs.org/@types%2fyargs 14ms (cache hit)
301 silly packumentCache full:https://registry.npmjs.org/@types%2fyargs set size:379140 disposed:false
302 silly placeDep node_modules/@types/jest @jest/schemas@29.6.3 OK for: @jest/types@29.6.3 want: ^29.6.3
303 silly placeDep node_modules/@types/jest @types/yargs@17.0.33 OK for: @jest/types@29.6.3 want: ^17.0.8
304 silly fetch manifest @sinclair/typebox@^0.27.8
305 silly packumentCache full:https://registry.npmjs.org/@sinclair%2ftypebox cache-miss
306 http fetch GET 200 https://registry.npmjs.org/@sinclair%2ftypebox 12ms (cache hit)
307 silly packumentCache full:https://registry.npmjs.org/@sinclair%2ftypebox set size:1031526 disposed:false
308 silly placeDep node_modules/@types/jest @sinclair/typebox@0.27.8 OK for: @jest/schemas@29.6.3 want: ^0.27.8
309 silly placeDep node_modules/@types/jest/node_modules/pretty-format ansi-styles@5.2.0 OK for: pretty-format@29.7.0 want: ^5.0.0
310 silly placeDep node_modules/@types/jest react-is@18.3.1 OK for: pretty-format@29.7.0 want: ^18.0.0
311 silly placeDep node_modules/@types/jest has-flag@4.0.0 OK for: supports-color@7.2.0 want: ^4.0.0
312 silly reify mark retired [
312 silly reify   'C:\\Users\\user\\pw2if31\\Latihan-UTS-WilfridaSisilia\\perpustakaan\\data_perpustakaan\\node_modules\\typescript',
312 silly reify   'C:\\Users\\user\\pw2if31\\Latihan-UTS-WilfridaSisilia\\perpustakaan\\data_perpustakaan\\node_modules\\.bin\\tsc',
312 silly reify   'C:\\Users\\user\\pw2if31\\Latihan-UTS-WilfridaSisilia\\perpustakaan\\data_perpustakaan\\node_modules\\.bin\\tsc.cmd',
312 silly reify   'C:\\Users\\user\\pw2if31\\Latihan-UTS-WilfridaSisilia\\perpustakaan\\data_perpustakaan\\node_modules\\.bin\\tsc.ps1',
312 silly reify   'C:\\Users\\user\\pw2if31\\Latihan-UTS-WilfridaSisilia\\perpustakaan\\data_perpustakaan\\node_modules\\.bin\\tsserver',
312 silly reify   'C:\\Users\\user\\pw2if31\\Latihan-UTS-WilfridaSisilia\\perpustakaan\\data_perpustakaan\\node_modules\\.bin\\tsserver.cmd',
312 silly reify   'C:\\Users\\user\\pw2if31\\Latihan-UTS-WilfridaSisilia\\perpustakaan\\data_perpustakaan\\node_modules\\.bin\\tsserver.ps1'
312 silly reify ]
313 silly reify moves {
313 silly reify   'C:\\Users\\user\\pw2if31\\Latihan-UTS-WilfridaSisilia\\perpustakaan\\data_perpustakaan\\node_modules\\typescript': 'C:\\Users\\user\\pw2if31\\Latihan-UTS-WilfridaSisilia\\perpustakaan\\data_perpustakaan\\node_modules\\.typescript-jh8deQfV',
313 silly reify   'C:\\Users\\user\\pw2if31\\Latihan-UTS-WilfridaSisilia\\perpustakaan\\data_perpustakaan\\node_modules\\.bin\\tsc': 'C:\\Users\\user\\pw2if31\\Latihan-UTS-WilfridaSisilia\\perpustakaan\\data_perpustakaan\\node_modules\\.bin\\.tsc-bM6kOHQ6',
313 silly reify   'C:\\Users\\user\\pw2if31\\Latihan-UTS-WilfridaSisilia\\perpustakaan\\data_perpustakaan\\node_modules\\.bin\\tsc.cmd': 'C:\\Users\\user\\pw2if31\\Latihan-UTS-WilfridaSisilia\\perpustakaan\\data_perpustakaan\\node_modules\\.bin\\.tsc.cmd-abh5Lw1o',
313 silly reify   'C:\\Users\\user\\pw2if31\\Latihan-UTS-WilfridaSisilia\\perpustakaan\\data_perpustakaan\\node_modules\\.bin\\tsc.ps1': 'C:\\Users\\user\\pw2if31\\Latihan-UTS-WilfridaSisilia\\perpustakaan\\data_perpustakaan\\node_modules\\.bin\\.tsc.ps1-q8AWAX5k',
313 silly reify   'C:\\Users\\user\\pw2if31\\Latihan-UTS-WilfridaSisilia\\perpustakaan\\data_perpustakaan\\node_modules\\.bin\\tsserver': 'C:\\Users\\user\\pw2if31\\Latihan-UTS-WilfridaSisilia\\perpustakaan\\data_perpustakaan\\node_modules\\.bin\\.tsserver-iS9ux6wv',
313 silly reify   'C:\\Users\\user\\pw2if31\\Latihan-UTS-WilfridaSisilia\\perpustakaan\\data_perpustakaan\\node_modules\\.bin\\tsserver.cmd': 'C:\\Users\\user\\pw2if31\\Latihan-UTS-WilfridaSisilia\\perpustakaan\\data_perpustakaan\\node_modules\\.bin\\.tsserver.cmd-8Y6CSQmR',
313 silly reify   'C:\\Users\\user\\pw2if31\\Latihan-UTS-WilfridaSisilia\\perpustakaan\\data_perpustakaan\\node_modules\\.bin\\tsserver.ps1': 'C:\\Users\\user\\pw2if31\\Latihan-UTS-WilfridaSisilia\\perpustakaan\\data_perpustakaan\\node_modules\\.bin\\.tsserver.ps1-J8CktfG9'
313 silly reify }
314 verbose reify failed optional dependency C:\Users\user\pw2if31\Latihan-UTS-WilfridaSisilia\perpustakaan\data_perpustakaan\node_modules\fsevents
315 silly reify mark deleted [
315 silly reify   'C:\\Users\\user\\pw2if31\\Latihan-UTS-WilfridaSisilia\\perpustakaan\\data_perpustakaan\\node_modules\\fsevents'
315 silly reify ]
316 silly tarball no local data for stop-iteration-iterator@https://registry.npmjs.org/stop-iteration-iterator/-/stop-iteration-iterator-1.0.0.tgz. Extracting by manifest.
317 silly tarball no local data for @jest/expect-utils@https://registry.npmjs.org/@jest/expect-utils/-/expect-utils-29.7.0.tgz. Extracting by manifest.
318 silly tarball no local data for is-arguments@https://registry.npmjs.org/is-arguments/-/is-arguments-1.1.1.tgz. Extracting by manifest.
319 silly tarball no local data for es-get-iterator@https://registry.npmjs.org/es-get-iterator/-/es-get-iterator-1.1.3.tgz. Extracting by manifest.
320 silly tarball no local data for object-is@https://registry.npmjs.org/object-is/-/object-is-1.1.6.tgz. Extracting by manifest.
321 silly tarball no local data for deep-equal@https://registry.npmjs.org/deep-equal/-/deep-equal-2.2.3.tgz. Extracting by manifest.
322 silly tarball no local data for strip-indent@https://registry.npmjs.org/strip-indent/-/strip-indent-3.0.0.tgz. Extracting by manifest.
323 silly tarball no local data for min-indent@https://registry.npmjs.org/min-indent/-/min-indent-1.0.1.tgz. Extracting by manifest.
324 silly tarball no local data for dequal@https://registry.npmjs.org/dequal/-/dequal-2.0.3.tgz. Extracting by manifest.
325 silly tarball no local data for indent-string@https://registry.npmjs.org/indent-string/-/indent-string-4.0.0.tgz. Extracting by manifest.
326 silly tarball no local data for csstype@https://registry.npmjs.org/csstype/-/csstype-3.1.3.tgz. Extracting by manifest.
327 silly tarball no local data for @types/jest@https://registry.npmjs.org/@types/jest/-/jest-29.5.14.tgz. Extracting by manifest.
328 silly tarball no local data for @types/prop-types@https://registry.npmjs.org/@types/prop-types/-/prop-types-15.7.13.tgz. Extracting by manifest.
329 silly tarball no local data for @types/react@https://registry.npmjs.org/@types/react/-/react-18.3.12.tgz. Extracting by manifest.
330 silly tarball no local data for @types/react-dom@https://registry.npmjs.org/@types/react-dom/-/react-dom-18.3.1.tgz. Extracting by manifest.
331 silly tarball no local data for @types/testing-library__jest-dom@https://registry.npmjs.org/@types/testing-library__jest-dom/-/testing-library__jest-dom-5.14.9.tgz. Extracting by manifest.
332 silly tarball no local data for redent@https://registry.npmjs.org/redent/-/redent-3.0.0.tgz. Extracting by manifest.
333 silly tarball no local data for @adobe/css-tools@https://registry.npmjs.org/@adobe/css-tools/-/css-tools-4.4.0.tgz. Extracting by manifest.
334 silly tarball no local data for css.escape@https://registry.npmjs.org/css.escape/-/css.escape-1.5.1.tgz. Extracting by manifest.
335 silly tarball no local data for @types/aria-query@https://registry.npmjs.org/@types/aria-query/-/aria-query-5.0.4.tgz. Extracting by manifest.
336 silly tarball no local data for dom-accessibility-api@https://registry.npmjs.org/dom-accessibility-api/-/dom-accessibility-api-0.5.16.tgz. Extracting by manifest.
337 silly tarball no local data for web-vitals@https://registry.npmjs.org/web-vitals/-/web-vitals-2.1.4.tgz. Extracting by manifest.
338 silly tarball no local data for lz-string@https://registry.npmjs.org/lz-string/-/lz-string-1.5.0.tgz. Extracting by manifest.
339 silly tarball no local data for @testing-library/dom@https://registry.npmjs.org/@testing-library/dom/-/dom-10.4.0.tgz. Extracting by manifest.
340 silly tarball no local data for @testing-library/user-event@https://registry.npmjs.org/@testing-library/user-event/-/user-event-13.5.0.tgz. Extracting by manifest.
341 silly tarball no local data for @testing-library/react@https://registry.npmjs.org/@testing-library/react/-/react-13.4.0.tgz. Extracting by manifest.
342 silly tarball no local data for @testing-library/jest-dom@https://registry.npmjs.org/@testing-library/jest-dom/-/jest-dom-5.17.0.tgz. Extracting by manifest.
343 silly tarball no local data for typescript@https://registry.npmjs.org/typescript/-/typescript-4.9.5.tgz. Extracting by manifest.
344 silly tarball no local data for jest-get-type@https://registry.npmjs.org/jest-get-type/-/jest-get-type-29.6.3.tgz. Extracting by manifest.
345 silly tarball no local data for @jest/schemas@https://registry.npmjs.org/@jest/schemas/-/schemas-29.6.3.tgz. Extracting by manifest.
346 silly tarball no local data for @sinclair/typebox@https://registry.npmjs.org/@sinclair/typebox/-/typebox-0.27.8.tgz. Extracting by manifest.
347 silly tarball no local data for diff-sequences@https://registry.npmjs.org/diff-sequences/-/diff-sequences-29.6.3.tgz. Extracting by manifest.
348 silly tarball no local data for @jest/types@https://registry.npmjs.org/@jest/types/-/types-29.6.3.tgz. Extracting by manifest.
349 silly tarball no local data for jest-matcher-utils@https://registry.npmjs.org/jest-matcher-utils/-/jest-matcher-utils-29.7.0.tgz. Extracting by manifest.
350 silly tarball no local data for jest-diff@https://registry.npmjs.org/jest-diff/-/jest-diff-29.7.0.tgz. Extracting by manifest.
351 silly tarball no local data for jest-message-util@https://registry.npmjs.org/jest-message-util/-/jest-message-util-29.7.0.tgz. Extracting by manifest.
352 silly tarball no local data for jest-get-type@https://registry.npmjs.org/jest-get-type/-/jest-get-type-29.6.3.tgz. Extracting by manifest.
353 silly tarball no local data for jest-util@https://registry.npmjs.org/jest-util/-/jest-util-29.7.0.tgz. Extracting by manifest.
354 silly tarball no local data for expect@https://registry.npmjs.org/expect/-/expect-29.7.0.tgz. Extracting by manifest.
355 silly tarball no local data for pretty-format@https://registry.npmjs.org/pretty-format/-/pretty-format-29.7.0.tgz. Extracting by manifest.
356 silly tarball no local data for aria-query@https://registry.npmjs.org/aria-query/-/aria-query-5.3.0.tgz. Extracting by manifest.
357 silly tarball no local data for aria-query@https://registry.npmjs.org/aria-query/-/aria-query-5.1.3.tgz. Extracting by manifest.
358 silly tarball no local data for @testing-library/dom@https://registry.npmjs.org/@testing-library/dom/-/dom-8.20.1.tgz. Extracting by manifest.
359 silly tarball no local data for chalk@https://registry.npmjs.org/chalk/-/chalk-3.0.0.tgz. Extracting by manifest.
360 http fetch GET 200 https://registry.npmjs.org/dequal/-/dequal-2.0.3.tgz 183ms (cache miss)
361 http fetch GET 200 https://registry.npmjs.org/stop-iteration-iterator/-/stop-iteration-iterator-1.0.0.tgz 190ms (cache miss)
362 http fetch GET 200 https://registry.npmjs.org/min-indent/-/min-indent-1.0.1.tgz 187ms (cache miss)
363 http fetch GET 200 https://registry.npmjs.org/strip-indent/-/strip-indent-3.0.0.tgz 193ms (cache miss)
364 http fetch GET 200 https://registry.npmjs.org/redent/-/redent-3.0.0.tgz 204ms (cache miss)
365 http fetch GET 200 https://registry.npmjs.org/css.escape/-/css.escape-1.5.1.tgz 216ms (cache miss)
366 http fetch GET 200 https://registry.npmjs.org/deep-equal/-/deep-equal-2.2.3.tgz 227ms (cache miss)
367 http fetch GET 200 https://registry.npmjs.org/is-arguments/-/is-arguments-1.1.1.tgz 232ms (cache miss)
368 http fetch GET 200 https://registry.npmjs.org/@jest/expect-utils/-/expect-utils-29.7.0.tgz 233ms (cache miss)
369 http fetch GET 200 https://registry.npmjs.org/@types/testing-library__jest-dom/-/testing-library__jest-dom-5.14.9.tgz 228ms (cache miss)
370 http fetch GET 200 https://registry.npmjs.org/es-get-iterator/-/es-get-iterator-1.1.3.tgz 237ms (cache miss)
371 http fetch GET 200 https://registry.npmjs.org/object-is/-/object-is-1.1.6.tgz 238ms (cache miss)
372 http fetch GET 200 https://registry.npmjs.org/@types/aria-query/-/aria-query-5.0.4.tgz 292ms (cache miss)
373 http fetch GET 200 https://registry.npmjs.org/indent-string/-/indent-string-4.0.0.tgz 333ms (cache miss)
374 http fetch GET 200 https://registry.npmjs.org/lz-string/-/lz-string-1.5.0.tgz 333ms (cache miss)
375 http fetch GET 200 https://registry.npmjs.org/dom-accessibility-api/-/dom-accessibility-api-0.5.16.tgz 384ms (cache miss)
376 http fetch GET 200 https://registry.npmjs.org/@types/jest/-/jest-29.5.14.tgz 441ms (cache miss)
377 http fetch GET 200 https://registry.npmjs.org/web-vitals/-/web-vitals-2.1.4.tgz 441ms (cache miss)
378 http fetch GET 200 https://registry.npmjs.org/@types/prop-types/-/prop-types-15.7.13.tgz 471ms (cache miss)
379 http fetch GET 200 https://registry.npmjs.org/@types/react-dom/-/react-dom-18.3.1.tgz 481ms (cache miss)
380 http fetch GET 200 https://registry.npmjs.org/jest-get-type/-/jest-get-type-29.6.3.tgz 500ms (cache miss)
381 http fetch GET 200 https://registry.npmjs.org/diff-sequences/-/diff-sequences-29.6.3.tgz 510ms (cache miss)
382 http fetch GET 200 https://registry.npmjs.org/@testing-library/jest-dom/-/jest-dom-5.17.0.tgz 529ms (cache miss)
383 http fetch GET 200 https://registry.npmjs.org/@testing-library/user-event/-/user-event-13.5.0.tgz 544ms (cache miss)
384 http fetch GET 200 https://registry.npmjs.org/@jest/schemas/-/schemas-29.6.3.tgz 597ms (cache miss)
385 http fetch GET 200 https://registry.npmjs.org/@sinclair/typebox/-/typebox-0.27.8.tgz 646ms (cache miss)
386 http fetch GET 200 https://registry.npmjs.org/jest-get-type/-/jest-get-type-29.6.3.tgz 741ms (cache miss)
387 http fetch GET 200 https://registry.npmjs.org/jest-message-util/-/jest-message-util-29.7.0.tgz 744ms (cache miss)
388 http fetch GET 200 https://registry.npmjs.org/jest-diff/-/jest-diff-29.7.0.tgz 767ms (cache miss)
389 http fetch GET 200 https://registry.npmjs.org/expect/-/expect-29.7.0.tgz 782ms (cache miss)
390 http fetch GET 200 https://registry.npmjs.org/jest-util/-/jest-util-29.7.0.tgz 800ms (cache miss)
391 http fetch GET 200 https://registry.npmjs.org/csstype/-/csstype-3.1.3.tgz 853ms (cache miss)
392 http fetch GET 200 https://registry.npmjs.org/@types/react/-/react-18.3.12.tgz 878ms (cache miss)
393 http fetch GET 200 https://registry.npmjs.org/jest-matcher-utils/-/jest-matcher-utils-29.7.0.tgz 881ms (cache miss)
394 http fetch GET 200 https://registry.npmjs.org/pretty-format/-/pretty-format-29.7.0.tgz 883ms (cache miss)
395 http fetch GET 200 https://registry.npmjs.org/@jest/types/-/types-29.6.3.tgz 890ms (cache miss)
396 http fetch GET 200 https://registry.npmjs.org/chalk/-/chalk-3.0.0.tgz 886ms (cache miss)
397 http fetch GET 200 https://registry.npmjs.org/@adobe/css-tools/-/css-tools-4.4.0.tgz 1010ms (cache miss)
398 http fetch GET 200 https://registry.npmjs.org/@testing-library/react/-/react-13.4.0.tgz 1096ms (cache miss)
399 http fetch GET 200 https://registry.npmjs.org/aria-query/-/aria-query-5.3.0.tgz 1114ms (cache miss)
400 http fetch GET 200 https://registry.npmjs.org/aria-query/-/aria-query-5.1.3.tgz 1121ms (cache miss)
401 http fetch GET 200 https://registry.npmjs.org/@testing-library/dom/-/dom-10.4.0.tgz 1363ms (cache miss)
402 http fetch GET 200 https://registry.npmjs.org/@testing-library/dom/-/dom-8.20.1.tgz 1947ms (cache miss)
403 http fetch GET 200 https://registry.npmjs.org/typescript/-/typescript-4.9.5.tgz 7476ms (cache miss)
404 silly ADD node_modules/@jest/expect-utils
405 silly ADD node_modules/@jest/expect-utils/node_modules/jest-get-type
406 silly ADD node_modules/stop-iteration-iterator
407 silly ADD node_modules/object-is
408 silly ADD node_modules/is-arguments
409 silly ADD node_modules/es-get-iterator
410 silly ADD node_modules/deep-equal
411 silly ADD node_modules/dequal
412 silly ADD node_modules/min-indent
413 silly ADD node_modules/strip-indent
414 silly ADD node_modules/indent-string
415 silly ADD node_modules/@types/jest
416 silly ADD node_modules/@types/jest/node_modules/has-flag
417 silly ADD node_modules/@types/jest/node_modules/react-is
418 silly ADD node_modules/@types/jest/node_modules/@sinclair/typebox
419 silly ADD node_modules/@types/jest/node_modules/@types/yargs
420 silly ADD node_modules/@types/jest/node_modules/@jest/schemas
421 silly ADD node_modules/@types/jest/node_modules/@jest/types
422 silly ADD node_modules/@types/jest/node_modules/diff-sequences
423 silly ADD node_modules/@types/jest/node_modules/color-name
424 silly ADD node_modules/@types/jest/node_modules/color-convert
425 silly ADD node_modules/@types/jest/node_modules/supports-color
426 silly ADD node_modules/@types/jest/node_modules/ansi-styles
427 silly ADD node_modules/@types/jest/node_modules/jest-diff
428 silly ADD node_modules/@types/jest/node_modules/chalk
429 silly ADD node_modules/@types/jest/node_modules/jest-util
430 silly ADD node_modules/@types/jest/node_modules/jest-message-util
431 silly ADD node_modules/@types/jest/node_modules/jest-matcher-utils
432 silly ADD node_modules/@types/jest/node_modules/jest-get-type
433 silly ADD node_modules/@types/jest/node_modules/pretty-format
434 silly ADD node_modules/@types/jest/node_modules/pretty-format/node_modules/ansi-styles
435 silly ADD node_modules/@types/jest/node_modules/expect
436 silly ADD node_modules/csstype
437 silly ADD node_modules/@types/prop-types
438 silly ADD node_modules/@types/react
439 silly ADD node_modules/@types/react-dom
440 silly ADD node_modules/redent
441 silly ADD node_modules/css.escape
442 silly ADD node_modules/@types/testing-library__jest-dom
443 silly ADD node_modules/@adobe/css-tools
444 silly ADD node_modules/lz-string
445 silly ADD node_modules/dom-accessibility-api
446 silly ADD node_modules/@types/aria-query
447 silly ADD node_modules/web-vitals
448 silly ADD node_modules/@testing-library/dom
449 silly ADD node_modules/@testing-library/dom/node_modules/has-flag
450 silly ADD node_modules/@testing-library/dom/node_modules/color-name
451 silly ADD node_modules/@testing-library/dom/node_modules/color-convert
452 silly ADD node_modules/@testing-library/dom/node_modules/supports-color
453 silly ADD node_modules/@testing-library/dom/node_modules/ansi-styles
454 silly ADD node_modules/@testing-library/dom/node_modules/chalk
455 silly ADD node_modules/@testing-library/dom/node_modules/aria-query
456 silly ADD node_modules/@testing-library/user-event
457 silly ADD node_modules/@testing-library/react
458 silly ADD node_modules/@testing-library/react/node_modules/has-flag
459 silly ADD node_modules/@testing-library/react/node_modules/color-name
460 silly ADD node_modules/@testing-library/react/node_modules/color-convert
461 silly ADD node_modules/@testing-library/react/node_modules/supports-color
462 silly ADD node_modules/@testing-library/react/node_modules/ansi-styles
463 silly ADD node_modules/@testing-library/react/node_modules/chalk
464 silly ADD node_modules/@testing-library/react/node_modules/aria-query
465 silly ADD node_modules/@testing-library/react/node_modules/@testing-library/dom
466 silly ADD node_modules/@testing-library/jest-dom
467 silly ADD node_modules/@testing-library/jest-dom/node_modules/has-flag
468 silly ADD node_modules/@testing-library/jest-dom/node_modules/color-name
469 silly ADD node_modules/@testing-library/jest-dom/node_modules/color-convert
470 silly ADD node_modules/@testing-library/jest-dom/node_modules/supports-color
471 silly ADD node_modules/@testing-library/jest-dom/node_modules/ansi-styles
472 silly ADD node_modules/@testing-library/jest-dom/node_modules/chalk
473 silly ADD
474 silly CHANGE node_modules/typescript
475 verbose cwd C:\Users\user\pw2if31\Latihan-UTS-WilfridaSisilia\perpustakaan\data_perpustakaan
476 verbose os Windows_NT 10.0.22631
477 verbose node v20.11.0
478 verbose npm  v10.9.0
479 verbose exit 0
480 info ok
